#
# A fatal error has been detected by the Java Runtime Environment:
#
#  SIGSEGV (0xb) at pc=0x00007f048c7be4e1, pid=4954, tid=4957
#
# JRE version: OpenJDK Runtime Environment (11.0.11+9) (build 11.0.11+9-Ubuntu-0ubuntu2.18.04)
# Java VM: OpenJDK 64-Bit Server VM (11.0.11+9-Ubuntu-0ubuntu2.18.04, mixed mode, sharing, tiered, compressed oops, g1 gc, linux-amd64)
# Problematic frame:
# C  [libc.so.6+0x18e4e1]
#
# No core dump will be written. Core dumps have been disabled. To enable core dumping, try "ulimit -c unlimited" before starting Java again
#
# If you would like to submit a bug report, please visit:
#   https://bugs.launchpad.net/ubuntu/+source/openjdk-lts
# The crash happened outside the Java Virtual Machine in native code.
# See problematic frame for where to report the bug.
#

---------------  S U M M A R Y ------------

Command Line: -Djava.library.path=/home/austinkrz/eclipse-workspace/native/jni -Dfile.encoding=UTF-8 test6.TestString

Host: Intel(R) Core(TM) i5-5300U CPU @ 2.30GHz, 4 cores, 7G, Ubuntu 18.04.6 LTS
Time: Thu Oct 14 11:13:18 2021 PDT elapsed time: 0.097313 seconds (0d 0h 0m 0s)

---------------  T H R E A D  ---------------

Current thread (0x00007f0484017000):  JavaThread "main" [_thread_in_native, id=4957, stack(0x00007f048cd3c000,0x00007f048ce3d000)]

Stack: [0x00007f048cd3c000,0x00007f048ce3d000],  sp=0x00007f048ce3b288,  free space=1020k
Native frames: (J=compiled Java code, A=aot compiled Java code, j=interpreted, Vv=VM code, C=native code)
C  [libc.so.6+0x18e4e1]

Java frames: (J=compiled Java code, j=interpreted, Vv=VM code)
j  test6.TestString.println(Ljava/lang/String;)V+0
j  test6.TestString.main([Ljava/lang/String;)V+22
v  ~StubRoutines::call_stub

siginfo: si_signo: 11 (SIGSEGV), si_code: 1 (SEGV_MAPERR), si_addr: 0x0000000000000001

Register to memory mapping:

RAX=0x0000000000000018 is an unknown value
RBX=0x00007f045c812408: <offset 0x0000000000001408> in /home/austinkrz/eclipse-workspace/native/jni/libnative_c.so at 0x00007f045c811000
RCX=0x0000000000000001 is an unknown value
RDX=0x0000000000000001 is an unknown value
RSP=0x00007f048ce3b288 is pointing into the stack for thread: 0x00007f0484017000
RBP=0x00007f048ce3b800 is pointing into the stack for thread: 0x00007f0484017000
RSI=0x00007f048ce3b7c8 is pointing into the stack for thread: 0x00007f0484017000
RDI=0x0000000000000001 is an unknown value
R8 =0x0000000000000001 is an unknown value
R9 =0x0 is NULL
R10=0x0 is NULL
R11=0x00007f045c812409: <offset 0x0000000000001409> in /home/austinkrz/eclipse-workspace/native/jni/libnative_c.so at 0x00007f045c811000
R12=0x00007f048ce3b810 is pointing into the stack for thread: 0x00007f0484017000
R13=0x0 is NULL
R14=0x00007f048ca1c760: _IO_2_1_stdout_+0x0000000000000000 in /lib/x86_64-linux-gnu/libc.so.6 at 0x00007f048c630000
R15=0x0000000000000073 is an unknown value


Registers:
RAX=0x0000000000000018, RBX=0x00007f045c812408, RCX=0x0000000000000001, RDX=0x0000000000000001
RSP=0x00007f048ce3b288, RBP=0x00007f048ce3b800, RSI=0x00007f048ce3b7c8, RDI=0x0000000000000001
R8 =0x0000000000000001, R9 =0x0000000000000000, R10=0x0000000000000000, R11=0x00007f045c812409
R12=0x00007f048ce3b810, R13=0x0000000000000000, R14=0x00007f048ca1c760, R15=0x0000000000000073
RIP=0x00007f048c7be4e1, EFLAGS=0x0000000000010287, CSGSFS=0x002b000000000033, ERR=0x0000000000000004
  TRAPNO=0x000000000000000e

Top of Stack: (sp=0x00007f048ce3b288)
0x00007f048ce3b288:   00007f048c68d5d3 000000080025d190
0x00007f048ce3b298:   0000000000000000 00000000ffe1dd60
0x00007f048ce3b2a8:   000000080025d050 0000000000000000
0x00007f048ce3b2b8:   00007f048ce3b2e0 ffffffffffffffff 

Instructions: (pc=0x00007f048c7be4e1)
0x00007f048c7be3e1:   fd 74 d1 48 83 c7 20 c5 dd 74 d9 c5 fd d7 ca c5
0x00007f048c7be3f1:   fd d7 c3 09 c1 75 38 c5 fd 6f 0f c5 fd 74 d1 48
0x00007f048c7be401:   83 c7 20 c5 dd 74 d9 c5 fd d7 ca c5 fd d7 c3 09
0x00007f048c7be411:   c1 75 1c c5 fd 6f 0f c5 fd 74 d1 48 83 c7 20 c5
0x00007f048c7be421:   dd 74 d9 c5 fd d7 ca c5 fd d7 c3 09 c1 74 90 85
0x00007f048c7be431:   c0 75 1c 85 d2 0f 84 84 00 00 00 89 d0 48 89 f7
0x00007f048c7be441:   0f bd c0 48 8d 44 07 e0 c5 f8 77 c3 0f 1f 00 c5
0x00007f048c7be451:   fd d7 ca 85 c9 75 18 89 c2 48 89 fe e9 5e ff ff
0x00007f048c7be461:   ff 0f 1f 40 00 66 2e 0f 1f 84 00 00 00 00 00 41
0x00007f048c7be471:   89 c8 41 83 e8 01 41 31 c8 44 21 c0 85 c0 74 b3
0x00007f048c7be481:   0f bd c0 48 8d 44 07 e0 c5 f8 77 c3 0f 1f 00 48
0x00007f048c7be491:   01 cf 89 d1 41 89 c8 41 83 e8 01 41 31 c8 44 21
0x00007f048c7be4a1:   c0 85 c0 74 1a 0f bd c0 48 8d 44 07 e0 c5 f8 77
0x00007f048c7be4b1:   c3 0f 1f 40 00 66 2e 0f 1f 84 00 00 00 00 00 31
0x00007f048c7be4c1:   c0 c5 f8 77 c3 66 2e 0f 1f 84 00 00 00 00 00 89
0x00007f048c7be4d1:   f9 48 89 fa c5 f9 ef c0 83 e1 3f 83 f9 20 77 1f
0x00007f048c7be4e1:   c5 fd 74 0f c5 fd d7 c1 85 c0 0f 85 df 00 00 00
0x00007f048c7be4f1:   48 83 c7 20 83 e1 1f 48 83 e7 e0 eb 36 66 90 83
0x00007f048c7be501:   e1 1f 48 83 e7 e0 c5 fd 74 0f c5 fd d7 c1 d3 f8
0x00007f048c7be511:   85 c0 74 1b f3 0f bc c0 48 01 f8 48 01 c8 48 29
0x00007f048c7be521:   d0 c5 f8 77 c3 66 2e 0f 1f 84 00 00 00 00 00 48
0x00007f048c7be531:   83 c7 20 c5 fd 74 0f c5 fd d7 c1 85 c0 0f 85 8c
0x00007f048c7be541:   00 00 00 c5 fd 74 4f 20 c5 fd d7 c1 85 c0 0f 85
0x00007f048c7be551:   8b 00 00 00 c5 fd 74 4f 40 c5 fd d7 c1 85 c0 0f
0x00007f048c7be561:   85 9a 00 00 00 c5 fd 74 4f 60 c5 fd d7 c1 85 c0
0x00007f048c7be571:   0f 85 d7 00 00 00 48 81 c7 80 00 00 00 48 89 f9
0x00007f048c7be581:   83 e1 7f 48 83 e7 80 0f 1f 84 00 00 00 00 00 c5
0x00007f048c7be591:   fd 6f 0f c5 fd 6f 57 20 c5 fd 6f 5f 40 c5 fd 6f
0x00007f048c7be5a1:   67 60 c5 ed da e9 c5 dd da f3 c5 cd da ed c5 fd
0x00007f048c7be5b1:   74 ed c5 fd d7 c5 85 c0 75 65 48 81 c7 80 00 00
0x00007f048c7be5c1:   00 eb cc 66 90 66 2e 0f 1f 84 00 00 00 00 00 f3
0x00007f048c7be5d1:   0f bc c0 48 01 f8 48 29 d0 c5 f8 77 c3 66 90 f3 


Stack slot to memory mapping:
stack at sp + 0 slots: 0x00007f048c68d5d3: _IO_vfprintf+0x0000000000002143 in /lib/x86_64-linux-gnu/libc.so.6 at 0x00007f048c630000
stack at sp + 1 slots: 0x000000080025d190 is pointing into metadata
stack at sp + 2 slots: 0x0 is NULL
stack at sp + 3 slots: 0x00000000ffe1dd60 points into unknown readable memory: 0x0000007a7b007001 | 01 70 00 7b 7a 00 00 00
stack at sp + 4 slots: {method} {0x000000080025d050} 'findEntry' '(Ljava/lang/String;)J' in 'java/lang/ClassLoader$NativeLibrary'
stack at sp + 5 slots: 0x0 is NULL
stack at sp + 6 slots: 0x00007f048ce3b2e0 is pointing into the stack for thread: 0x00007f0484017000
stack at sp + 7 slots: 0xffffffffffffffff is an unknown value


---------------  P R O C E S S  ---------------

Threads class SMR info:
_java_thread_list=0x00007f048415cb20, length=9, elements={
0x00007f0484017000, 0x00007f0484110800, 0x00007f0484112800, 0x00007f0484118000,
0x00007f048411a000, 0x00007f048411c000, 0x00007f048411e000, 0x00007f0484120000,
0x00007f048415b000
}

Java Threads: ( => current thread )
=>0x00007f0484017000 JavaThread "main" [_thread_in_native, id=4957, stack(0x00007f048cd3c000,0x00007f048ce3d000)]
  0x00007f0484110800 JavaThread "Reference Handler" daemon [_thread_blocked, id=4967, stack(0x00007f045d4fb000,0x00007f045d5fc000)]
  0x00007f0484112800 JavaThread "Finalizer" daemon [_thread_blocked, id=4968, stack(0x00007f045d3fa000,0x00007f045d4fb000)]
  0x00007f0484118000 JavaThread "Signal Dispatcher" daemon [_thread_blocked, id=4969, stack(0x00007f045d01b000,0x00007f045d11c000)]
  0x00007f048411a000 JavaThread "Service Thread" daemon [_thread_blocked, id=4970, stack(0x00007f045cf1a000,0x00007f045d01b000)]
  0x00007f048411c000 JavaThread "C2 CompilerThread0" daemon [_thread_blocked, id=4971, stack(0x00007f045ce19000,0x00007f045cf1a000)]
  0x00007f048411e000 JavaThread "C1 CompilerThread0" daemon [_thread_blocked, id=4972, stack(0x00007f045cd18000,0x00007f045ce19000)]
  0x00007f0484120000 JavaThread "Sweeper thread" daemon [_thread_blocked, id=4973, stack(0x00007f045cc17000,0x00007f045cd18000)]
  0x00007f048415b000 JavaThread "Common-Cleaner" daemon [_thread_blocked, id=4975, stack(0x00007f045ca14000,0x00007f045cb15000)]

Other Threads:
  0x00007f048410d800 VMThread "VM Thread" [stack: 0x00007f045d5fe000,0x00007f045d6fe000] [id=4966]
  0x00007f0484159000 WatcherThread [stack: 0x00007f045cb17000,0x00007f045cc17000] [id=4974]
  0x00007f048402f800 GCTaskThread "GC Thread#0" [stack: 0x00007f0488d0f000,0x00007f0488e0f000] [id=4961]
  0x00007f0484060800 ConcurrentGCThread "G1 Main Marker" [stack: 0x00007f0488061000,0x00007f0488161000] [id=4962]
  0x00007f0484062000 ConcurrentGCThread "G1 Conc#0" [stack: 0x00007f046c3a4000,0x00007f046c4a4000] [id=4963]
  0x00007f04840da800 ConcurrentGCThread "G1 Refine#0" [stack: 0x00007f04640bf000,0x00007f04641bf000] [id=4964]
  0x00007f04840dc000 ConcurrentGCThread "G1 Young RemSet Sampling" [stack: 0x00007f045df00000,0x00007f045e000000] [id=4965]

Threads with active compile tasks:

VM state:not at safepoint (normal execution)

VM Mutex/Monitor currently owned by a thread: None

Heap address: 0x0000000085800000, size: 1960 MB, Compressed Oops mode: 32-bit
Narrow klass base: 0x0000000800000000, Narrow klass shift: 3
Compressed class space size: 1073741824 Address: 0x0000000840000000

Heap:
 garbage-first heap   total 129024K, used 712K [0x0000000085800000, 0x0000000100000000)
  region size 1024K, 1 young (1024K), 0 survivors (0K)
 Metaspace       used 163K, capacity 4486K, committed 4864K, reserved 1056768K
  class space    used 6K, capacity 386K, committed 512K, reserved 1048576K
Heap Regions: E=young(eden), S=young(survivor), O=old, HS=humongous(starts), HC=humongous(continues), CS=collection set, F=free, A=archive, TAMS=top-at-mark-start (previous, next)
|   0|0x0000000085800000, 0x0000000085800000, 0x0000000085900000|  0%| F|  |TAMS 0x0000000085800000, 0x0000000085800000| Untracked 
|   1|0x0000000085900000, 0x0000000085900000, 0x0000000085a00000|  0%| F|  |TAMS 0x0000000085900000, 0x0000000085900000| Untracked 
|   2|0x0000000085a00000, 0x0000000085a00000, 0x0000000085b00000|  0%| F|  |TAMS 0x0000000085a00000, 0x0000000085a00000| Untracked 
|   3|0x0000000085b00000, 0x0000000085b00000, 0x0000000085c00000|  0%| F|  |TAMS 0x0000000085b00000, 0x0000000085b00000| Untracked 
|   4|0x0000000085c00000, 0x0000000085c00000, 0x0000000085d00000|  0%| F|  |TAMS 0x0000000085c00000, 0x0000000085c00000| Untracked 
|   5|0x0000000085d00000, 0x0000000085d00000, 0x0000000085e00000|  0%| F|  |TAMS 0x0000000085d00000, 0x0000000085d00000| Untracked 
|   6|0x0000000085e00000, 0x0000000085e00000, 0x0000000085f00000|  0%| F|  |TAMS 0x0000000085e00000, 0x0000000085e00000| Untracked 
|   7|0x0000000085f00000, 0x0000000085f00000, 0x0000000086000000|  0%| F|  |TAMS 0x0000000085f00000, 0x0000000085f00000| Untracked 
|   8|0x0000000086000000, 0x0000000086000000, 0x0000000086100000|  0%| F|  |TAMS 0x0000000086000000, 0x0000000086000000| Untracked 
|   9|0x0000000086100000, 0x0000000086100000, 0x0000000086200000|  0%| F|  |TAMS 0x0000000086100000, 0x0000000086100000| Untracked 
|  10|0x0000000086200000, 0x0000000086200000, 0x0000000086300000|  0%| F|  |TAMS 0x0000000086200000, 0x0000000086200000| Untracked 
|  11|0x0000000086300000, 0x0000000086300000, 0x0000000086400000|  0%| F|  |TAMS 0x0000000086300000, 0x0000000086300000| Untracked 
|  12|0x0000000086400000, 0x0000000086400000, 0x0000000086500000|  0%| F|  |TAMS 0x0000000086400000, 0x0000000086400000| Untracked 
|  13|0x0000000086500000, 0x0000000086500000, 0x0000000086600000|  0%| F|  |TAMS 0x0000000086500000, 0x0000000086500000| Untracked 
|  14|0x0000000086600000, 0x0000000086600000, 0x0000000086700000|  0%| F|  |TAMS 0x0000000086600000, 0x0000000086600000| Untracked 
|  15|0x0000000086700000, 0x0000000086700000, 0x0000000086800000|  0%| F|  |TAMS 0x0000000086700000, 0x0000000086700000| Untracked 
|  16|0x0000000086800000, 0x0000000086800000, 0x0000000086900000|  0%| F|  |TAMS 0x0000000086800000, 0x0000000086800000| Untracked 
|  17|0x0000000086900000, 0x0000000086900000, 0x0000000086a00000|  0%| F|  |TAMS 0x0000000086900000, 0x0000000086900000| Untracked 
|  18|0x0000000086a00000, 0x0000000086a00000, 0x0000000086b00000|  0%| F|  |TAMS 0x0000000086a00000, 0x0000000086a00000| Untracked 
|  19|0x0000000086b00000, 0x0000000086b00000, 0x0000000086c00000|  0%| F|  |TAMS 0x0000000086b00000, 0x0000000086b00000| Untracked 
|  20|0x0000000086c00000, 0x0000000086c00000, 0x0000000086d00000|  0%| F|  |TAMS 0x0000000086c00000, 0x0000000086c00000| Untracked 
|  21|0x0000000086d00000, 0x0000000086d00000, 0x0000000086e00000|  0%| F|  |TAMS 0x0000000086d00000, 0x0000000086d00000| Untracked 
|  22|0x0000000086e00000, 0x0000000086e00000, 0x0000000086f00000|  0%| F|  |TAMS 0x0000000086e00000, 0x0000000086e00000| Untracked 
|  23|0x0000000086f00000, 0x0000000086f00000, 0x0000000087000000|  0%| F|  |TAMS 0x0000000086f00000, 0x0000000086f00000| Untracked 
|  24|0x0000000087000000, 0x0000000087000000, 0x0000000087100000|  0%| F|  |TAMS 0x0000000087000000, 0x0000000087000000| Untracked 
|  25|0x0000000087100000, 0x0000000087100000, 0x0000000087200000|  0%| F|  |TAMS 0x0000000087100000, 0x0000000087100000| Untracked 
|  26|0x0000000087200000, 0x0000000087200000, 0x0000000087300000|  0%| F|  |TAMS 0x0000000087200000, 0x0000000087200000| Untracked 
|  27|0x0000000087300000, 0x0000000087300000, 0x0000000087400000|  0%| F|  |TAMS 0x0000000087300000, 0x0000000087300000| Untracked 
|  28|0x0000000087400000, 0x0000000087400000, 0x0000000087500000|  0%| F|  |TAMS 0x0000000087400000, 0x0000000087400000| Untracked 
|  29|0x0000000087500000, 0x0000000087500000, 0x0000000087600000|  0%| F|  |TAMS 0x0000000087500000, 0x0000000087500000| Untracked 
|  30|0x0000000087600000, 0x0000000087600000, 0x0000000087700000|  0%| F|  |TAMS 0x0000000087600000, 0x0000000087600000| Untracked 
|  31|0x0000000087700000, 0x0000000087700000, 0x0000000087800000|  0%| F|  |TAMS 0x0000000087700000, 0x0000000087700000| Untracked 
|  32|0x0000000087800000, 0x0000000087800000, 0x0000000087900000|  0%| F|  |TAMS 0x0000000087800000, 0x0000000087800000| Untracked 
|  33|0x0000000087900000, 0x0000000087900000, 0x0000000087a00000|  0%| F|  |TAMS 0x0000000087900000, 0x0000000087900000| Untracked 
|  34|0x0000000087a00000, 0x0000000087a00000, 0x0000000087b00000|  0%| F|  |TAMS 0x0000000087a00000, 0x0000000087a00000| Untracked 
|  35|0x0000000087b00000, 0x0000000087b00000, 0x0000000087c00000|  0%| F|  |TAMS 0x0000000087b00000, 0x0000000087b00000| Untracked 
|  36|0x0000000087c00000, 0x0000000087c00000, 0x0000000087d00000|  0%| F|  |TAMS 0x0000000087c00000, 0x0000000087c00000| Untracked 
|  37|0x0000000087d00000, 0x0000000087d00000, 0x0000000087e00000|  0%| F|  |TAMS 0x0000000087d00000, 0x0000000087d00000| Untracked 
|  38|0x0000000087e00000, 0x0000000087e00000, 0x0000000087f00000|  0%| F|  |TAMS 0x0000000087e00000, 0x0000000087e00000| Untracked 
|  39|0x0000000087f00000, 0x0000000087f00000, 0x0000000088000000|  0%| F|  |TAMS 0x0000000087f00000, 0x0000000087f00000| Untracked 
|  40|0x0000000088000000, 0x0000000088000000, 0x0000000088100000|  0%| F|  |TAMS 0x0000000088000000, 0x0000000088000000| Untracked 
|  41|0x0000000088100000, 0x0000000088100000, 0x0000000088200000|  0%| F|  |TAMS 0x0000000088100000, 0x0000000088100000| Untracked 
|  42|0x0000000088200000, 0x0000000088200000, 0x0000000088300000|  0%| F|  |TAMS 0x0000000088200000, 0x0000000088200000| Untracked 
|  43|0x0000000088300000, 0x0000000088300000, 0x0000000088400000|  0%| F|  |TAMS 0x0000000088300000, 0x0000000088300000| Untracked 
|  44|0x0000000088400000, 0x0000000088400000, 0x0000000088500000|  0%| F|  |TAMS 0x0000000088400000, 0x0000000088400000| Untracked 
|  45|0x0000000088500000, 0x0000000088500000, 0x0000000088600000|  0%| F|  |TAMS 0x0000000088500000, 0x0000000088500000| Untracked 
|  46|0x0000000088600000, 0x0000000088600000, 0x0000000088700000|  0%| F|  |TAMS 0x0000000088600000, 0x0000000088600000| Untracked 
|  47|0x0000000088700000, 0x0000000088700000, 0x0000000088800000|  0%| F|  |TAMS 0x0000000088700000, 0x0000000088700000| Untracked 
|  48|0x0000000088800000, 0x0000000088800000, 0x0000000088900000|  0%| F|  |TAMS 0x0000000088800000, 0x0000000088800000| Untracked 
|  49|0x0000000088900000, 0x0000000088900000, 0x0000000088a00000|  0%| F|  |TAMS 0x0000000088900000, 0x0000000088900000| Untracked 
|  50|0x0000000088a00000, 0x0000000088a00000, 0x0000000088b00000|  0%| F|  |TAMS 0x0000000088a00000, 0x0000000088a00000| Untracked 
|  51|0x0000000088b00000, 0x0000000088b00000, 0x0000000088c00000|  0%| F|  |TAMS 0x0000000088b00000, 0x0000000088b00000| Untracked 
|  52|0x0000000088c00000, 0x0000000088c00000, 0x0000000088d00000|  0%| F|  |TAMS 0x0000000088c00000, 0x0000000088c00000| Untracked 
|  53|0x0000000088d00000, 0x0000000088d00000, 0x0000000088e00000|  0%| F|  |TAMS 0x0000000088d00000, 0x0000000088d00000| Untracked 
|  54|0x0000000088e00000, 0x0000000088e00000, 0x0000000088f00000|  0%| F|  |TAMS 0x0000000088e00000, 0x0000000088e00000| Untracked 
|  55|0x0000000088f00000, 0x0000000088f00000, 0x0000000089000000|  0%| F|  |TAMS 0x0000000088f00000, 0x0000000088f00000| Untracked 
|  56|0x0000000089000000, 0x0000000089000000, 0x0000000089100000|  0%| F|  |TAMS 0x0000000089000000, 0x0000000089000000| Untracked 
|  57|0x0000000089100000, 0x0000000089100000, 0x0000000089200000|  0%| F|  |TAMS 0x0000000089100000, 0x0000000089100000| Untracked 
|  58|0x0000000089200000, 0x0000000089200000, 0x0000000089300000|  0%| F|  |TAMS 0x0000000089200000, 0x0000000089200000| Untracked 
|  59|0x0000000089300000, 0x0000000089300000, 0x0000000089400000|  0%| F|  |TAMS 0x0000000089300000, 0x0000000089300000| Untracked 
|  60|0x0000000089400000, 0x0000000089400000, 0x0000000089500000|  0%| F|  |TAMS 0x0000000089400000, 0x0000000089400000| Untracked 
|  61|0x0000000089500000, 0x0000000089500000, 0x0000000089600000|  0%| F|  |TAMS 0x0000000089500000, 0x0000000089500000| Untracked 
|  62|0x0000000089600000, 0x0000000089600000, 0x0000000089700000|  0%| F|  |TAMS 0x0000000089600000, 0x0000000089600000| Untracked 
|  63|0x0000000089700000, 0x0000000089700000, 0x0000000089800000|  0%| F|  |TAMS 0x0000000089700000, 0x0000000089700000| Untracked 
|  64|0x0000000089800000, 0x0000000089800000, 0x0000000089900000|  0%| F|  |TAMS 0x0000000089800000, 0x0000000089800000| Untracked 
|  65|0x0000000089900000, 0x0000000089900000, 0x0000000089a00000|  0%| F|  |TAMS 0x0000000089900000, 0x0000000089900000| Untracked 
|  66|0x0000000089a00000, 0x0000000089a00000, 0x0000000089b00000|  0%| F|  |TAMS 0x0000000089a00000, 0x0000000089a00000| Untracked 
|  67|0x0000000089b00000, 0x0000000089b00000, 0x0000000089c00000|  0%| F|  |TAMS 0x0000000089b00000, 0x0000000089b00000| Untracked 
|  68|0x0000000089c00000, 0x0000000089c00000, 0x0000000089d00000|  0%| F|  |TAMS 0x0000000089c00000, 0x0000000089c00000| Untracked 
|  69|0x0000000089d00000, 0x0000000089d00000, 0x0000000089e00000|  0%| F|  |TAMS 0x0000000089d00000, 0x0000000089d00000| Untracked 
|  70|0x0000000089e00000, 0x0000000089e00000, 0x0000000089f00000|  0%| F|  |TAMS 0x0000000089e00000, 0x0000000089e00000| Untracked 
|  71|0x0000000089f00000, 0x0000000089f00000, 0x000000008a000000|  0%| F|  |TAMS 0x0000000089f00000, 0x0000000089f00000| Untracked 
|  72|0x000000008a000000, 0x000000008a000000, 0x000000008a100000|  0%| F|  |TAMS 0x000000008a000000, 0x000000008a000000| Untracked 
|  73|0x000000008a100000, 0x000000008a100000, 0x000000008a200000|  0%| F|  |TAMS 0x000000008a100000, 0x000000008a100000| Untracked 
|  74|0x000000008a200000, 0x000000008a200000, 0x000000008a300000|  0%| F|  |TAMS 0x000000008a200000, 0x000000008a200000| Untracked 
|  75|0x000000008a300000, 0x000000008a300000, 0x000000008a400000|  0%| F|  |TAMS 0x000000008a300000, 0x000000008a300000| Untracked 
|  76|0x000000008a400000, 0x000000008a400000, 0x000000008a500000|  0%| F|  |TAMS 0x000000008a400000, 0x000000008a400000| Untracked 
|  77|0x000000008a500000, 0x000000008a500000, 0x000000008a600000|  0%| F|  |TAMS 0x000000008a500000, 0x000000008a500000| Untracked 
|  78|0x000000008a600000, 0x000000008a600000, 0x000000008a700000|  0%| F|  |TAMS 0x000000008a600000, 0x000000008a600000| Untracked 
|  79|0x000000008a700000, 0x000000008a700000, 0x000000008a800000|  0%| F|  |TAMS 0x000000008a700000, 0x000000008a700000| Untracked 
|  80|0x000000008a800000, 0x000000008a800000, 0x000000008a900000|  0%| F|  |TAMS 0x000000008a800000, 0x000000008a800000| Untracked 
|  81|0x000000008a900000, 0x000000008a900000, 0x000000008aa00000|  0%| F|  |TAMS 0x000000008a900000, 0x000000008a900000| Untracked 
|  82|0x000000008aa00000, 0x000000008aa00000, 0x000000008ab00000|  0%| F|  |TAMS 0x000000008aa00000, 0x000000008aa00000| Untracked 
|  83|0x000000008ab00000, 0x000000008ab00000, 0x000000008ac00000|  0%| F|  |TAMS 0x000000008ab00000, 0x000000008ab00000| Untracked 
|  84|0x000000008ac00000, 0x000000008ac00000, 0x000000008ad00000|  0%| F|  |TAMS 0x000000008ac00000, 0x000000008ac00000| Untracked 
|  85|0x000000008ad00000, 0x000000008ad00000, 0x000000008ae00000|  0%| F|  |TAMS 0x000000008ad00000, 0x000000008ad00000| Untracked 
|  86|0x000000008ae00000, 0x000000008ae00000, 0x000000008af00000|  0%| F|  |TAMS 0x000000008ae00000, 0x000000008ae00000| Untracked 
|  87|0x000000008af00000, 0x000000008af00000, 0x000000008b000000|  0%| F|  |TAMS 0x000000008af00000, 0x000000008af00000| Untracked 
|  88|0x000000008b000000, 0x000000008b000000, 0x000000008b100000|  0%| F|  |TAMS 0x000000008b000000, 0x000000008b000000| Untracked 
|  89|0x000000008b100000, 0x000000008b100000, 0x000000008b200000|  0%| F|  |TAMS 0x000000008b100000, 0x000000008b100000| Untracked 
|  90|0x000000008b200000, 0x000000008b200000, 0x000000008b300000|  0%| F|  |TAMS 0x000000008b200000, 0x000000008b200000| Untracked 
|  91|0x000000008b300000, 0x000000008b300000, 0x000000008b400000|  0%| F|  |TAMS 0x000000008b300000, 0x000000008b300000| Untracked 
|  92|0x000000008b400000, 0x000000008b400000, 0x000000008b500000|  0%| F|  |TAMS 0x000000008b400000, 0x000000008b400000| Untracked 
|  93|0x000000008b500000, 0x000000008b500000, 0x000000008b600000|  0%| F|  |TAMS 0x000000008b500000, 0x000000008b500000| Untracked 
|  94|0x000000008b600000, 0x000000008b600000, 0x000000008b700000|  0%| F|  |TAMS 0x000000008b600000, 0x000000008b600000| Untracked 
|  95|0x000000008b700000, 0x000000008b700000, 0x000000008b800000|  0%| F|  |TAMS 0x000000008b700000, 0x000000008b700000| Untracked 
|  96|0x000000008b800000, 0x000000008b800000, 0x000000008b900000|  0%| F|  |TAMS 0x000000008b800000, 0x000000008b800000| Untracked 
|  97|0x000000008b900000, 0x000000008b900000, 0x000000008ba00000|  0%| F|  |TAMS 0x000000008b900000, 0x000000008b900000| Untracked 
|  98|0x000000008ba00000, 0x000000008ba00000, 0x000000008bb00000|  0%| F|  |TAMS 0x000000008ba00000, 0x000000008ba00000| Untracked 
|  99|0x000000008bb00000, 0x000000008bb00000, 0x000000008bc00000|  0%| F|  |TAMS 0x000000008bb00000, 0x000000008bb00000| Untracked 
| 100|0x000000008bc00000, 0x000000008bc00000, 0x000000008bd00000|  0%| F|  |TAMS 0x000000008bc00000, 0x000000008bc00000| Untracked 
| 101|0x000000008bd00000, 0x000000008bd00000, 0x000000008be00000|  0%| F|  |TAMS 0x000000008bd00000, 0x000000008bd00000| Untracked 
| 102|0x000000008be00000, 0x000000008be00000, 0x000000008bf00000|  0%| F|  |TAMS 0x000000008be00000, 0x000000008be00000| Untracked 
| 103|0x000000008bf00000, 0x000000008bf00000, 0x000000008c000000|  0%| F|  |TAMS 0x000000008bf00000, 0x000000008bf00000| Untracked 
| 104|0x000000008c000000, 0x000000008c000000, 0x000000008c100000|  0%| F|  |TAMS 0x000000008c000000, 0x000000008c000000| Untracked 
| 105|0x000000008c100000, 0x000000008c100000, 0x000000008c200000|  0%| F|  |TAMS 0x000000008c100000, 0x000000008c100000| Untracked 
| 106|0x000000008c200000, 0x000000008c200000, 0x000000008c300000|  0%| F|  |TAMS 0x000000008c200000, 0x000000008c200000| Untracked 
| 107|0x000000008c300000, 0x000000008c300000, 0x000000008c400000|  0%| F|  |TAMS 0x000000008c300000, 0x000000008c300000| Untracked 
| 108|0x000000008c400000, 0x000000008c400000, 0x000000008c500000|  0%| F|  |TAMS 0x000000008c400000, 0x000000008c400000| Untracked 
| 109|0x000000008c500000, 0x000000008c500000, 0x000000008c600000|  0%| F|  |TAMS 0x000000008c500000, 0x000000008c500000| Untracked 
| 110|0x000000008c600000, 0x000000008c600000, 0x000000008c700000|  0%| F|  |TAMS 0x000000008c600000, 0x000000008c600000| Untracked 
| 111|0x000000008c700000, 0x000000008c700000, 0x000000008c800000|  0%| F|  |TAMS 0x000000008c700000, 0x000000008c700000| Untracked 
| 112|0x000000008c800000, 0x000000008c800000, 0x000000008c900000|  0%| F|  |TAMS 0x000000008c800000, 0x000000008c800000| Untracked 
| 113|0x000000008c900000, 0x000000008c900000, 0x000000008ca00000|  0%| F|  |TAMS 0x000000008c900000, 0x000000008c900000| Untracked 
| 114|0x000000008ca00000, 0x000000008ca00000, 0x000000008cb00000|  0%| F|  |TAMS 0x000000008ca00000, 0x000000008ca00000| Untracked 
| 115|0x000000008cb00000, 0x000000008cb00000, 0x000000008cc00000|  0%| F|  |TAMS 0x000000008cb00000, 0x000000008cb00000| Untracked 
| 116|0x000000008cc00000, 0x000000008cc00000, 0x000000008cd00000|  0%| F|  |TAMS 0x000000008cc00000, 0x000000008cc00000| Untracked 
| 117|0x000000008cd00000, 0x000000008cd00000, 0x000000008ce00000|  0%| F|  |TAMS 0x000000008cd00000, 0x000000008cd00000| Untracked 
| 118|0x000000008ce00000, 0x000000008ce00000, 0x000000008cf00000|  0%| F|  |TAMS 0x000000008ce00000, 0x000000008ce00000| Untracked 
| 119|0x000000008cf00000, 0x000000008cf00000, 0x000000008d000000|  0%| F|  |TAMS 0x000000008cf00000, 0x000000008cf00000| Untracked 
| 120|0x000000008d000000, 0x000000008d000000, 0x000000008d100000|  0%| F|  |TAMS 0x000000008d000000, 0x000000008d000000| Untracked 
| 121|0x000000008d100000, 0x000000008d100000, 0x000000008d200000|  0%| F|  |TAMS 0x000000008d100000, 0x000000008d100000| Untracked 
| 122|0x000000008d200000, 0x000000008d200000, 0x000000008d300000|  0%| F|  |TAMS 0x000000008d200000, 0x000000008d200000| Untracked 
| 123|0x000000008d300000, 0x000000008d3d7330, 0x000000008d400000| 84%| E|  |TAMS 0x000000008d300000, 0x000000008d300000| Complete 
|1958|0x00000000ffe00000, 0x00000000ffe47000, 0x00000000fff00000| 27%|OA|  |TAMS 0x00000000ffe00000, 0x00000000ffe00000| Untracked 
|1959|0x00000000fff00000, 0x00000000fff6b000, 0x0000000100000000| 41%|CA|  |TAMS 0x00000000fff00000, 0x00000000fff00000| Untracked 

Card table byte_map: [0x00007f0488161000,0x00007f0488535000] _byte_map_base: 0x00007f0487d35000

Marking Bits (Prev, Next): (CMBitMap*) 0x00007f0484057bb8, (CMBitMap*) 0x00007f0484057bf0
 Prev Bits: [0x00007f0466160000, 0x00007f0468000000)
 Next Bits: [0x00007f04642c0000, 0x00007f0466160000)

Polling page: 0x00007f048ce56000

Metaspace:

Usage:
  Non-class:      4.00 MB capacity,   157.52 KB (  4%) used,     3.85 MB ( 96%) free+waste,   128 bytes ( <1%) overhead. 
      Class:    386.00 KB capacity,     6.20 KB (  2%) used,   379.68 KB ( 98%) free+waste,   128 bytes ( <1%) overhead. 
       Both:      4.38 MB capacity,   163.71 KB (  4%) used,     4.22 MB ( 96%) free+waste,   256 bytes ( <1%) overhead. 

Virtual space:
  Non-class space:        8.00 MB reserved,       4.25 MB ( 53%) committed 
      Class space:        1.00 GB reserved,     512.00 KB ( <1%) committed 
             Both:        1.01 GB reserved,       4.75 MB ( <1%) committed 

Chunk freelists:
   Non-Class:  0 bytes
       Class:  0 bytes
        Both:  0 bytes

MaxMetaspaceSize: unlimited
CompressedClassSpaceSize: 1.00 GB

CodeHeap 'non-profiled nmethods': size=120032Kb used=13Kb max_used=13Kb free=120018Kb
 bounds [0x00007f0474340000, 0x00007f04745b0000, 0x00007f047b878000]
CodeHeap 'profiled nmethods': size=120032Kb used=81Kb max_used=81Kb free=119950Kb
 bounds [0x00007f046ce08000, 0x00007f046d078000, 0x00007f0474340000]
CodeHeap 'non-nmethods': size=5696Kb used=985Kb max_used=993Kb free=4711Kb
 bounds [0x00007f046c878000, 0x00007f046cae8000, 0x00007f046ce08000]
 total_blobs=301 nmethods=59 adapters=155
 compilation: enabled
              stopped_count=0, restarted_count=0
 full_count=0

Compilation events (20 events):
Event: 0.089 Thread 0x00007f048411e000   51       3       jdk.internal.module.ModuleBootstrap$2::next (52 bytes)
Event: 0.089 Thread 0x00007f048411e000 nmethod 51 0x00007f046ce19810 code [0x00007f046ce19a20, 0x00007f046ce19f80]
Event: 0.089 Thread 0x00007f048411e000   50       3       jdk.internal.module.ModuleBootstrap$2::hasNext (30 bytes)
Event: 0.089 Thread 0x00007f048411e000 nmethod 50 0x00007f046ce1a110 code [0x00007f046ce1a2e0, 0x00007f046ce1a630]
Event: 0.089 Thread 0x00007f048411e000   53       3       java.util.HashMap::putIfAbsent (13 bytes)
Event: 0.090 Thread 0x00007f048411e000 nmethod 53 0x00007f046ce1a710 code [0x00007f046ce1a8e0, 0x00007f046ce1abf0]
Event: 0.090 Thread 0x00007f048411e000   48       3       java.util.ImmutableCollections$Set12$1::next (92 bytes)
Event: 0.090 Thread 0x00007f048411e000 nmethod 48 0x00007f046ce1ad10 code [0x00007f046ce1aee0, 0x00007f046ce1b1a0]
Event: 0.090 Thread 0x00007f048411e000   46       1       java.lang.module.ModuleDescriptor::isOpen (5 bytes)
Event: 0.090 Thread 0x00007f048411e000 nmethod 46 0x00007f0474343010 code [0x00007f04743431c0, 0x00007f0474343290]
Event: 0.090 Thread 0x00007f048411e000   49       1       java.lang.Module::getDescriptor (5 bytes)
Event: 0.090 Thread 0x00007f048411e000 nmethod 49 0x00007f0474343310 code [0x00007f04743434c0, 0x00007f0474343590]
Event: 0.091 Thread 0x00007f048411e000   56       3       java.lang.String::charAt (25 bytes)
Event: 0.091 Thread 0x00007f048411e000 nmethod 56 0x00007f046ce1b290 code [0x00007f046ce1b480, 0x00007f046ce1b850]
Event: 0.091 Thread 0x00007f048411e000   57       3       java.lang.StringLatin1::charAt (28 bytes)
Event: 0.092 Thread 0x00007f048411e000 nmethod 57 0x00007f046ce1b990 code [0x00007f046ce1bb60, 0x00007f046ce1bd40]
Event: 0.092 Thread 0x00007f048411e000   58       3       java.lang.StringLatin1::canEncode (13 bytes)
Event: 0.092 Thread 0x00007f048411e000 nmethod 58 0x00007f046ce1be10 code [0x00007f046ce1bfc0, 0x00007f046ce1c0f0]
Event: 0.092 Thread 0x00007f048411e000   59       3       java.lang.CharacterDataLatin1::getProperties (11 bytes)
Event: 0.092 Thread 0x00007f048411e000 nmethod 59 0x00007f046ce1c190 code [0x00007f046ce1c340, 0x00007f046ce1c490]

GC Heap History (0 events):
No events

Deoptimization events (0 events):
No events

Classes redefined (0 events):
No events

Internal exceptions (0 events):
No events

Events (20 events):
Event: 0.062 Protecting memory [0x00007f045cd18000,0x00007f045cd1c000] with protection modes 0
Event: 0.063 Thread 0x00007f0484120000 Thread added: 0x00007f0484120000
Event: 0.063 Protecting memory [0x00007f045cc17000,0x00007f045cc1b000] with protection modes 0
Event: 0.088 Executing VM operation: EnableBiasedLocking
Event: 0.088 Executing VM operation: EnableBiasedLocking done
Event: 0.089 loading class jdk/internal/vm/PostVMInitHook
Event: 0.089 loading class jdk/internal/vm/PostVMInitHook done
Event: 0.090 loading class test6/TestString
Event: 0.090 loading class test6/TestString done
Event: 0.091 loading class jdk/internal/loader/URLClassPath$FileLoader
Event: 0.091 loading class jdk/internal/loader/URLClassPath$FileLoader done
Event: 0.092 loading class jdk/internal/loader/URLClassPath$FileLoader$1
Event: 0.092 loading class jdk/internal/loader/URLClassPath$FileLoader$1 done
Event: 0.093 Thread 0x00007f048415b000 Thread added: 0x00007f048415b000
Event: 0.095 loading class java/lang/ClassLoaderHelper
Event: 0.095 Protecting memory [0x00007f045ca14000,0x00007f045ca18000] with protection modes 0
Event: 0.095 loading class java/lang/ClassLoaderHelper done
Event: 0.095 Executing VM operation: RevokeBias
Event: 0.095 Executing VM operation: RevokeBias done
Event: 0.095 Loaded shared library /home/austinkrz/eclipse-workspace/native/jni/libnative_c.so


Dynamic libraries:
85800000-8d400000 rw-p 00000000 00:00 0 
8d400000-ffe00000 ---p 00000000 00:00 0 
ffe00000-ffe47000 rw-p 01111000 08:05 923796                             /usr/lib/jvm/java-11-openjdk-amd64/lib/server/classes.jsa
ffe47000-fff00000 rw-p 00000000 00:00 0 
fff00000-fff6b000 rw-p 010a6000 08:05 923796                             /usr/lib/jvm/java-11-openjdk-amd64/lib/server/classes.jsa
fff6b000-100000000 rw-p 00000000 00:00 0 
800000000-800002000 rwxp 00001000 08:05 923796                           /usr/lib/jvm/java-11-openjdk-amd64/lib/server/classes.jsa
800002000-8003b9000 rw-p 00003000 08:05 923796                           /usr/lib/jvm/java-11-openjdk-amd64/lib/server/classes.jsa
8003b9000-800a96000 r--p 003ba000 08:05 923796                           /usr/lib/jvm/java-11-openjdk-amd64/lib/server/classes.jsa
800a96000-800a97000 rw-p 00a97000 08:05 923796                           /usr/lib/jvm/java-11-openjdk-amd64/lib/server/classes.jsa
800a97000-8010a5000 r--p 00a98000 08:05 923796                           /usr/lib/jvm/java-11-openjdk-amd64/lib/server/classes.jsa
840000000-840080000 rw-p 00000000 00:00 0 
840080000-880000000 ---p 00000000 00:00 0 
56011a3e9000-56011a3ea000 r-xp 00000000 08:05 917822                     /usr/lib/jvm/java-11-openjdk-amd64/bin/java
56011a5ea000-56011a5eb000 r--p 00001000 08:05 917822                     /usr/lib/jvm/java-11-openjdk-amd64/bin/java
56011a5eb000-56011a5ec000 rw-p 00002000 08:05 917822                     /usr/lib/jvm/java-11-openjdk-amd64/bin/java
56011b5fc000-56011b61d000 rw-p 00000000 00:00 0                          [heap]
7f0424000000-7f0424021000 rw-p 00000000 00:00 0 
7f0424021000-7f0428000000 ---p 00000000 00:00 0 
7f042c000000-7f042c021000 rw-p 00000000 00:00 0 
7f042c021000-7f0430000000 ---p 00000000 00:00 0 
7f0430000000-7f0430021000 rw-p 00000000 00:00 0 
7f0430021000-7f0434000000 ---p 00000000 00:00 0 
7f0434000000-7f0434066000 rw-p 00000000 00:00 0 
7f0434066000-7f0438000000 ---p 00000000 00:00 0 
7f0438000000-7f043807d000 rw-p 00000000 00:00 0 
7f043807d000-7f043c000000 ---p 00000000 00:00 0 
7f043c000000-7f043c021000 rw-p 00000000 00:00 0 
7f043c021000-7f0440000000 ---p 00000000 00:00 0 
7f0440000000-7f0440021000 rw-p 00000000 00:00 0 
7f0440021000-7f0444000000 ---p 00000000 00:00 0 
7f0444000000-7f0444021000 rw-p 00000000 00:00 0 
7f0444021000-7f0448000000 ---p 00000000 00:00 0 
7f0448000000-7f0448021000 rw-p 00000000 00:00 0 
7f0448021000-7f044c000000 ---p 00000000 00:00 0 
7f044c000000-7f044c021000 rw-p 00000000 00:00 0 
7f044c021000-7f0450000000 ---p 00000000 00:00 0 
7f0450000000-7f0450021000 rw-p 00000000 00:00 0 
7f0450021000-7f0454000000 ---p 00000000 00:00 0 
7f0454000000-7f0454021000 rw-p 00000000 00:00 0 
7f0454021000-7f0458000000 ---p 00000000 00:00 0 
7f0458000000-7f0458021000 rw-p 00000000 00:00 0 
7f0458021000-7f045c000000 ---p 00000000 00:00 0 
7f045c811000-7f045c813000 r-xp 00000000 08:05 5118309                    /home/austinkrz/eclipse-workspace/native/jni/libnative_c.so
7f045c813000-7f045ca12000 ---p 00002000 08:05 5118309                    /home/austinkrz/eclipse-workspace/native/jni/libnative_c.so
7f045ca12000-7f045ca13000 r--p 00001000 08:05 5118309                    /home/austinkrz/eclipse-workspace/native/jni/libnative_c.so
7f045ca13000-7f045ca14000 rw-p 00002000 08:05 5118309                    /home/austinkrz/eclipse-workspace/native/jni/libnative_c.so
7f045ca14000-7f045ca18000 ---p 00000000 00:00 0 
7f045ca18000-7f045cb15000 rw-p 00000000 00:00 0 
7f045cb15000-7f045cb16000 ---p 00000000 00:00 0 
7f045cb16000-7f045cc17000 rw-p 00000000 00:00 0 
7f045cc17000-7f045cc1b000 ---p 00000000 00:00 0 
7f045cc1b000-7f045cd18000 rw-p 00000000 00:00 0 
7f045cd18000-7f045cd1c000 ---p 00000000 00:00 0 
7f045cd1c000-7f045ce19000 rw-p 00000000 00:00 0 
7f045ce19000-7f045ce1d000 ---p 00000000 00:00 0 
7f045ce1d000-7f045cf1a000 rw-p 00000000 00:00 0 
7f045cf1a000-7f045cf1e000 ---p 00000000 00:00 0 
7f045cf1e000-7f045d01b000 rw-p 00000000 00:00 0 
7f045d01b000-7f045d01f000 ---p 00000000 00:00 0 
7f045d01f000-7f045d11c000 rw-p 00000000 00:00 0 
7f045d11c000-7f045d3fa000 r--p 00000000 08:05 921301                     /usr/lib/locale/locale-archive
7f045d3fa000-7f045d3fe000 ---p 00000000 00:00 0 
7f045d3fe000-7f045d4fb000 rw-p 00000000 00:00 0 
7f045d4fb000-7f045d4ff000 ---p 00000000 00:00 0 
7f045d4ff000-7f045d5fc000 rw-p 00000000 00:00 0 
7f045d5fc000-7f045d5fd000 ---p 00000000 00:00 0 
7f045d5fd000-7f045db3e000 rw-p 00000000 00:00 0 
7f045db3e000-7f045defe000 ---p 00000000 00:00 0 
7f045defe000-7f045deff000 ---p 00000000 00:00 0 
7f045deff000-7f0460000000 rw-p 00000000 00:00 0 
7f0460000000-7f0460021000 rw-p 00000000 00:00 0 
7f0460021000-7f0464000000 ---p 00000000 00:00 0 
7f04640bd000-7f04640be000 ---p 00000000 00:00 0 
7f04640be000-7f04644b0000 rw-p 00000000 00:00 0 
7f04644b0000-7f0466158000 ---p 00000000 00:00 0 
7f0466158000-7f0466350000 rw-p 00000000 00:00 0 
7f0466350000-7f0467ff8000 ---p 00000000 00:00 0 
7f0467ff8000-7f0468000000 rw-p 00000000 00:00 0 
7f0468000000-7f0468021000 rw-p 00000000 00:00 0 
7f0468021000-7f046c000000 ---p 00000000 00:00 0 
7f046c01e000-7f046c3a2000 rw-p 00000000 00:00 0 
7f046c3a2000-7f046c3a3000 ---p 00000000 00:00 0 
7f046c3a3000-7f046c4e2000 rw-p 00000000 00:00 0 
7f046c4e2000-7f046c877000 ---p 00000000 00:00 0 
7f046c877000-7f046c878000 rw-p 00000000 00:00 0 
7f046c878000-7f046cae8000 rwxp 00000000 00:00 0 
7f046cae8000-7f046ce08000 ---p 00000000 00:00 0 
7f046ce08000-7f046d078000 rwxp 00000000 00:00 0 
7f046d078000-7f0474340000 ---p 00000000 00:00 0 
7f0474340000-7f04745b0000 rwxp 00000000 00:00 0 
7f04745b0000-7f047b878000 ---p 00000000 00:00 0 
7f047b878000-7f0484000000 r--s 00000000 08:05 919188                     /usr/lib/jvm/java-11-openjdk-amd64/lib/modules
7f0484000000-7f0484178000 rw-p 00000000 00:00 0 
7f0484178000-7f0488000000 ---p 00000000 00:00 0 
7f0488004000-7f048805f000 rw-p 00000000 00:00 0 
7f048805f000-7f0488060000 ---p 00000000 00:00 0 
7f0488060000-7f048819f000 rw-p 00000000 00:00 0 
7f048819f000-7f0488534000 ---p 00000000 00:00 0 
7f0488534000-7f0488573000 rw-p 00000000 00:00 0 
7f0488573000-7f0488908000 ---p 00000000 00:00 0 
7f0488908000-7f0488d0d000 rw-p 00000000 00:00 0 
7f0488d0d000-7f0488d0e000 ---p 00000000 00:00 0 
7f0488d0e000-7f0488e14000 rw-p 00000000 00:00 0 
7f0488e14000-7f0488efa000 ---p 00000000 00:00 0 
7f0488efa000-7f0488eff000 rw-p 00000000 00:00 0 
7f0488eff000-7f0488fe5000 ---p 00000000 00:00 0 
7f0488fe5000-7f0488fec000 r-xp 00000000 08:05 918738                     /usr/lib/jvm/java-11-openjdk-amd64/lib/libzip.so
7f0488fec000-7f04891eb000 ---p 00007000 08:05 918738                     /usr/lib/jvm/java-11-openjdk-amd64/lib/libzip.so
7f04891eb000-7f04891ec000 r--p 00006000 08:05 918738                     /usr/lib/jvm/java-11-openjdk-amd64/lib/libzip.so
7f04891ec000-7f04891ed000 rw-p 00007000 08:05 918738                     /usr/lib/jvm/java-11-openjdk-amd64/lib/libzip.so
7f04891ed000-7f04891f8000 r-xp 00000000 08:05 655452                     /lib/x86_64-linux-gnu/libnss_files-2.27.so
7f04891f8000-7f04893f7000 ---p 0000b000 08:05 655452                     /lib/x86_64-linux-gnu/libnss_files-2.27.so
7f04893f7000-7f04893f8000 r--p 0000a000 08:05 655452                     /lib/x86_64-linux-gnu/libnss_files-2.27.so
7f04893f8000-7f04893f9000 rw-p 0000b000 08:05 655452                     /lib/x86_64-linux-gnu/libnss_files-2.27.so
7f04893f9000-7f04893ff000 rw-p 00000000 00:00 0 
7f04893ff000-7f0489416000 r-xp 00000000 08:05 655449                     /lib/x86_64-linux-gnu/libnsl-2.27.so
7f0489416000-7f0489615000 ---p 00017000 08:05 655449                     /lib/x86_64-linux-gnu/libnsl-2.27.so
7f0489615000-7f0489616000 r--p 00016000 08:05 655449                     /lib/x86_64-linux-gnu/libnsl-2.27.so
7f0489616000-7f0489617000 rw-p 00017000 08:05 655449                     /lib/x86_64-linux-gnu/libnsl-2.27.so
7f0489617000-7f0489619000 rw-p 00000000 00:00 0 
7f0489619000-7f0489624000 r-xp 00000000 08:05 655454                     /lib/x86_64-linux-gnu/libnss_nis-2.27.so
7f0489624000-7f0489823000 ---p 0000b000 08:05 655454                     /lib/x86_64-linux-gnu/libnss_nis-2.27.so
7f0489823000-7f0489824000 r--p 0000a000 08:05 655454                     /lib/x86_64-linux-gnu/libnss_nis-2.27.so
7f0489824000-7f0489825000 rw-p 0000b000 08:05 655454                     /lib/x86_64-linux-gnu/libnss_nis-2.27.so
7f0489825000-7f048982d000 r-xp 00000000 08:05 655450                     /lib/x86_64-linux-gnu/libnss_compat-2.27.so
7f048982d000-7f0489a2d000 ---p 00008000 08:05 655450                     /lib/x86_64-linux-gnu/libnss_compat-2.27.so
7f0489a2d000-7f0489a2e000 r--p 00008000 08:05 655450                     /lib/x86_64-linux-gnu/libnss_compat-2.27.so
7f0489a2e000-7f0489a2f000 rw-p 00009000 08:05 655450                     /lib/x86_64-linux-gnu/libnss_compat-2.27.so
7f0489a2f000-7f0489a34000 r-xp 00000000 08:05 918721                     /usr/lib/jvm/java-11-openjdk-amd64/lib/libjimage.so
7f0489a34000-7f0489c33000 ---p 00005000 08:05 918721                     /usr/lib/jvm/java-11-openjdk-amd64/lib/libjimage.so
7f0489c33000-7f0489c34000 r--p 00004000 08:05 918721                     /usr/lib/jvm/java-11-openjdk-amd64/lib/libjimage.so
7f0489c34000-7f0489c35000 rw-p 00005000 08:05 918721                     /usr/lib/jvm/java-11-openjdk-amd64/lib/libjimage.so
7f0489c35000-7f0489c5d000 r-xp 00000000 08:05 918718                     /usr/lib/jvm/java-11-openjdk-amd64/lib/libjava.so
7f0489c5d000-7f0489e5d000 ---p 00028000 08:05 918718                     /usr/lib/jvm/java-11-openjdk-amd64/lib/libjava.so
7f0489e5d000-7f0489e5e000 r--p 00028000 08:05 918718                     /usr/lib/jvm/java-11-openjdk-amd64/lib/libjava.so
7f0489e5e000-7f0489e5f000 rw-p 00029000 08:05 918718                     /usr/lib/jvm/java-11-openjdk-amd64/lib/libjava.so
7f0489e5f000-7f0489e60000 rw-p 00000000 00:00 0 
7f0489e60000-7f0489e6d000 r-xp 00000000 08:05 918737                     /usr/lib/jvm/java-11-openjdk-amd64/lib/libverify.so
7f0489e6d000-7f048a06c000 ---p 0000d000 08:05 918737                     /usr/lib/jvm/java-11-openjdk-amd64/lib/libverify.so
7f048a06c000-7f048a06e000 r--p 0000c000 08:05 918737                     /usr/lib/jvm/java-11-openjdk-amd64/lib/libverify.so
7f048a06e000-7f048a06f000 rw-p 0000e000 08:05 918737                     /usr/lib/jvm/java-11-openjdk-amd64/lib/libverify.so
7f048a06f000-7f048a076000 r-xp 00000000 08:05 660710                     /lib/x86_64-linux-gnu/librt-2.27.so
7f048a076000-7f048a275000 ---p 00007000 08:05 660710                     /lib/x86_64-linux-gnu/librt-2.27.so
7f048a275000-7f048a276000 r--p 00006000 08:05 660710                     /lib/x86_64-linux-gnu/librt-2.27.so
7f048a276000-7f048a277000 rw-p 00007000 08:05 660710                     /lib/x86_64-linux-gnu/librt-2.27.so
7f048a277000-7f048a28e000 r-xp 00000000 08:05 660731                     /lib/x86_64-linux-gnu/libgcc_s.so.1
7f048a28e000-7f048a48d000 ---p 00017000 08:05 660731                     /lib/x86_64-linux-gnu/libgcc_s.so.1
7f048a48d000-7f048a48e000 r--p 00016000 08:05 660731                     /lib/x86_64-linux-gnu/libgcc_s.so.1
7f048a48e000-7f048a48f000 rw-p 00017000 08:05 660731                     /lib/x86_64-linux-gnu/libgcc_s.so.1
7f048a48f000-7f048a62c000 r-xp 00000000 08:05 655446                     /lib/x86_64-linux-gnu/libm-2.27.so
7f048a62c000-7f048a82b000 ---p 0019d000 08:05 655446                     /lib/x86_64-linux-gnu/libm-2.27.so
7f048a82b000-7f048a82c000 r--p 0019c000 08:05 655446                     /lib/x86_64-linux-gnu/libm-2.27.so
7f048a82c000-7f048a82d000 rw-p 0019d000 08:05 655446                     /lib/x86_64-linux-gnu/libm-2.27.so
7f048a82d000-7f048a9a6000 r-xp 00000000 08:05 924446                     /usr/lib/x86_64-linux-gnu/libstdc++.so.6.0.25
7f048a9a6000-7f048aba6000 ---p 00179000 08:05 924446                     /usr/lib/x86_64-linux-gnu/libstdc++.so.6.0.25
7f048aba6000-7f048abb0000 r--p 00179000 08:05 924446                     /usr/lib/x86_64-linux-gnu/libstdc++.so.6.0.25
7f048abb0000-7f048abb2000 rw-p 00183000 08:05 924446                     /usr/lib/x86_64-linux-gnu/libstdc++.so.6.0.25
7f048abb2000-7f048abb6000 rw-p 00000000 00:00 0 
7f048abb6000-7f048bc9e000 r-xp 00000000 08:05 919279                     /usr/lib/jvm/java-11-openjdk-amd64/lib/server/libjvm.so
7f048bc9e000-7f048be9d000 ---p 010e8000 08:05 919279                     /usr/lib/jvm/java-11-openjdk-amd64/lib/server/libjvm.so
7f048be9d000-7f048bf5e000 r--p 010e7000 08:05 919279                     /usr/lib/jvm/java-11-openjdk-amd64/lib/server/libjvm.so
7f048bf5e000-7f048bf99000 rw-p 011a8000 08:05 919279                     /usr/lib/jvm/java-11-openjdk-amd64/lib/server/libjvm.so
7f048bf99000-7f048bff0000 rw-p 00000000 00:00 0 
7f048bff0000-7f048c00a000 r-xp 00000000 08:05 660633                     /lib/x86_64-linux-gnu/libpthread-2.27.so
7f048c00a000-7f048c209000 ---p 0001a000 08:05 660633                     /lib/x86_64-linux-gnu/libpthread-2.27.so
7f048c209000-7f048c20a000 r--p 00019000 08:05 660633                     /lib/x86_64-linux-gnu/libpthread-2.27.so
7f048c20a000-7f048c20b000 rw-p 0001a000 08:05 660633                     /lib/x86_64-linux-gnu/libpthread-2.27.so
7f048c20b000-7f048c20f000 rw-p 00000000 00:00 0 
7f048c20f000-7f048c212000 r-xp 00000000 08:05 655445                     /lib/x86_64-linux-gnu/libdl-2.27.so
7f048c212000-7f048c411000 ---p 00003000 08:05 655445                     /lib/x86_64-linux-gnu/libdl-2.27.so
7f048c411000-7f048c412000 r--p 00002000 08:05 655445                     /lib/x86_64-linux-gnu/libdl-2.27.so
7f048c412000-7f048c413000 rw-p 00003000 08:05 655445                     /lib/x86_64-linux-gnu/libdl-2.27.so
7f048c413000-7f048c42f000 r-xp 00000000 08:05 660866                     /lib/x86_64-linux-gnu/libz.so.1.2.11
7f048c42f000-7f048c62e000 ---p 0001c000 08:05 660866                     /lib/x86_64-linux-gnu/libz.so.1.2.11
7f048c62e000-7f048c62f000 r--p 0001b000 08:05 660866                     /lib/x86_64-linux-gnu/libz.so.1.2.11
7f048c62f000-7f048c630000 rw-p 0001c000 08:05 660866                     /lib/x86_64-linux-gnu/libz.so.1.2.11
7f048c630000-7f048c817000 r-xp 00000000 08:05 655442                     /lib/x86_64-linux-gnu/libc-2.27.so
7f048c817000-7f048ca17000 ---p 001e7000 08:05 655442                     /lib/x86_64-linux-gnu/libc-2.27.so
7f048ca17000-7f048ca1b000 r--p 001e7000 08:05 655442                     /lib/x86_64-linux-gnu/libc-2.27.so
7f048ca1b000-7f048ca1d000 rw-p 001eb000 08:05 655442                     /lib/x86_64-linux-gnu/libc-2.27.so
7f048ca1d000-7f048ca21000 rw-p 00000000 00:00 0 
7f048ca21000-7f048ca30000 r-xp 00000000 08:05 918703                     /usr/lib/jvm/java-11-openjdk-amd64/lib/jli/libjli.so
7f048ca30000-7f048cc2f000 ---p 0000f000 08:05 918703                     /usr/lib/jvm/java-11-openjdk-amd64/lib/jli/libjli.so
7f048cc2f000-7f048cc30000 r--p 0000e000 08:05 918703                     /usr/lib/jvm/java-11-openjdk-amd64/lib/jli/libjli.so
7f048cc30000-7f048cc31000 rw-p 0000f000 08:05 918703                     /usr/lib/jvm/java-11-openjdk-amd64/lib/jli/libjli.so
7f048cc31000-7f048cc5a000 r-xp 00000000 08:05 655366                     /lib/x86_64-linux-gnu/ld-2.27.so
7f048cc90000-7f048cd3c000 rw-p 00000000 00:00 0 
7f048cd3c000-7f048cd40000 ---p 00000000 00:00 0 
7f048cd40000-7f048ce3f000 rw-p 00000000 00:00 0 
7f048ce40000-7f048ce45000 rw-p 00000000 00:00 0 
7f048ce45000-7f048ce4c000 ---p 00000000 00:00 0 
7f048ce4c000-7f048ce4e000 r--s 00007000 08:05 1442071                    /usr/share/java/java-atk-wrapper.jar
7f048ce4e000-7f048ce56000 rw-s 00000000 08:05 1052652                    /tmp/hsperfdata_austinkrz/4954
7f048ce56000-7f048ce57000 ---p 00000000 00:00 0 
7f048ce57000-7f048ce58000 r--p 00000000 00:00 0 
7f048ce58000-7f048ce5a000 rw-p 00000000 00:00 0 
7f048ce5a000-7f048ce5b000 r--p 00029000 08:05 655366                     /lib/x86_64-linux-gnu/ld-2.27.so
7f048ce5b000-7f048ce5c000 rw-p 0002a000 08:05 655366                     /lib/x86_64-linux-gnu/ld-2.27.so
7f048ce5c000-7f048ce5d000 rw-p 00000000 00:00 0 
7ffcc4311000-7ffcc4332000 rw-p 00000000 00:00 0                          [stack]
7ffcc4384000-7ffcc4387000 r--p 00000000 00:00 0                          [vvar]
7ffcc4387000-7ffcc4388000 r-xp 00000000 00:00 0                          [vdso]
ffffffffff600000-ffffffffff601000 --xp 00000000 00:00 0                  [vsyscall]


VM Arguments:
jvm_args: -Djava.library.path=/home/austinkrz/eclipse-workspace/native/jni -Dfile.encoding=UTF-8 
java_command: test6.TestString
java_class_path (initial): /home/austinkrz/eclipse-workspace/native/bin
Launcher Type: SUN_STANDARD

[Global flags]
     intx CICompilerCount                          = 3                                         {product} {ergonomic}
     uint ConcGCThreads                            = 1                                         {product} {ergonomic}
     uint G1ConcRefinementThreads                  = 4                                         {product} {ergonomic}
   size_t G1HeapRegionSize                         = 1048576                                   {product} {ergonomic}
    uintx GCDrainStackTargetSize                   = 64                                        {product} {ergonomic}
   size_t InitialHeapSize                          = 130023424                                 {product} {ergonomic}
   size_t MarkStackSize                            = 4194304                                   {product} {ergonomic}
   size_t MaxHeapSize                              = 2055208960                                {product} {ergonomic}
   size_t MaxNewSize                               = 1233125376                                {product} {ergonomic}
   size_t MinHeapDeltaBytes                        = 1048576                                   {product} {ergonomic}
    uintx NonNMethodCodeHeapSize                   = 5830732                                {pd product} {ergonomic}
    uintx NonProfiledCodeHeapSize                  = 122913754                              {pd product} {ergonomic}
    uintx ProfiledCodeHeapSize                     = 122913754                              {pd product} {ergonomic}
    uintx ReservedCodeCacheSize                    = 251658240                              {pd product} {ergonomic}
     bool SegmentedCodeCache                       = true                                      {product} {ergonomic}
     bool UseCompressedClassPointers               = true                                 {lp64_product} {ergonomic}
     bool UseCompressedOops                        = true                                 {lp64_product} {ergonomic}
     bool UseG1GC                                  = true                                      {product} {ergonomic}

Logging:
Log output configuration:
 #0: stdout all=warning uptime,level,tags
 #1: stderr all=off uptime,level,tags

Environment Variables:
JAVA_HOME=/usr/lib/jvm/java-15-oracle
PATH=/home/austinkrz/.local/bin:/usr/local/sbin:/usr/local/bin:/usr/sbin:/usr/bin:/sbin:/bin:/usr/games:/usr/local/games:/snap/bin:/usr/lib/jvm/java-15-oracle/bin:/usr/lib/jvm/java-15-oracle/db/bin
USERNAME=austinkrz
SHELL=/bin/bash
DISPLAY=:0
LANG=en_US.UTF-8

Signal Handlers:
SIGSEGV: [libjvm.so+0xe1d0a0], sa_mask[0]=11111111011111111101111111111110, sa_flags=SA_RESTART|SA_SIGINFO
SIGBUS: [libjvm.so+0xe1d0a0], sa_mask[0]=11111111011111111101111111111110, sa_flags=SA_RESTART|SA_SIGINFO
SIGFPE: [libjvm.so+0xe1d0a0], sa_mask[0]=11111111011111111101111111111110, sa_flags=SA_RESTART|SA_SIGINFO
SIGPIPE: [libjvm.so+0xb717f0], sa_mask[0]=11111111011111111101111111111110, sa_flags=SA_RESTART|SA_SIGINFO
SIGXFSZ: [libjvm.so+0xb717f0], sa_mask[0]=11111111011111111101111111111110, sa_flags=SA_RESTART|SA_SIGINFO
SIGILL: [libjvm.so+0xe1d0a0], sa_mask[0]=11111111011111111101111111111110, sa_flags=SA_RESTART|SA_SIGINFO
SIGUSR2: [libjvm.so+0xb71680], sa_mask[0]=00100000000000000000000000000000, sa_flags=SA_RESTART|SA_SIGINFO
SIGHUP: [libjvm.so+0xb71b30], sa_mask[0]=11111111011111111101111111111110, sa_flags=SA_RESTART|SA_SIGINFO
SIGINT: [libjvm.so+0xb71b30], sa_mask[0]=11111111011111111101111111111110, sa_flags=SA_RESTART|SA_SIGINFO
SIGTERM: [libjvm.so+0xb71b30], sa_mask[0]=11111111011111111101111111111110, sa_flags=SA_RESTART|SA_SIGINFO
SIGQUIT: [libjvm.so+0xb71b30], sa_mask[0]=11111111011111111101111111111110, sa_flags=SA_RESTART|SA_SIGINFO


---------------  S Y S T E M  ---------------

OS:DISTRIB_ID=Ubuntu
DISTRIB_RELEASE=18.04
DISTRIB_CODENAME=bionic
DISTRIB_DESCRIPTION="Ubuntu 18.04.6 LTS"
uname:Linux 5.4.0-87-generic #98~18.04.1-Ubuntu SMP Wed Sep 22 10:45:04 UTC 2021 x86_64
OS uptime: 0 days 0:24 hours
libc:glibc 2.27 NPTL 2.27 
rlimit (soft/hard): STACK 8192k/infinity , CORE 0k/infinity , NPROC 31139/31139 , NOFILE 1048576/1048576 , AS infinity/infinity , CPU infinity/infinity , DATA infinity/infinity , FSIZE infinity/infinity , MEMLOCK 65536k/65536k
load average:4.17 3.87 2.83

/proc/meminfo:
MemTotal:        8022064 kB
MemFree:         1659960 kB
MemAvailable:    3764484 kB
Buffers:          266484 kB
Cached:          2876336 kB
SwapCached:            0 kB
Active:          3786776 kB
Inactive:        1401424 kB
Active(anon):    2866492 kB
Inactive(anon):    54716 kB
Active(file):     920284 kB
Inactive(file):  1346708 kB
Unevictable:      829572 kB
Mlocked:              32 kB
SwapTotal:       2097148 kB
SwapFree:        2097148 kB
Dirty:              1784 kB
Writeback:             0 kB
AnonPages:       2875204 kB
Mapped:           892148 kB
Shmem:            885884 kB
KReclaimable:     113404 kB
Slab:             204404 kB
SReclaimable:     113404 kB
SUnreclaim:        91000 kB
KernelStack:       17568 kB
PageTables:        63496 kB
NFS_Unstable:          0 kB
Bounce:                0 kB
WritebackTmp:          0 kB
CommitLimit:     6108180 kB
Committed_AS:   10127780 kB
VmallocTotal:   34359738367 kB
VmallocUsed:       37104 kB
VmallocChunk:          0 kB
Percpu:             1600 kB
HardwareCorrupted:     0 kB
AnonHugePages:         0 kB
ShmemHugePages:        0 kB
ShmemPmdMapped:        0 kB
FileHugePages:         0 kB
FilePmdMapped:         0 kB
CmaTotal:              0 kB
CmaFree:               0 kB
HugePages_Total:       0
HugePages_Free:        0
HugePages_Rsvd:        0
HugePages_Surp:        0
Hugepagesize:       2048 kB
Hugetlb:               0 kB
DirectMap4k:      248492 kB
DirectMap2M:     6961152 kB
DirectMap1G:     2097152 kB

/sys/kernel/mm/transparent_hugepage/enabled:
always [madvise] never
/sys/kernel/mm/transparent_hugepage/defrag (defrag/compaction efforts parameter):
always defer defer+madvise [madvise] never

Process Memory:
Virtual Size: 4716688K (peak: 13473732K)
Resident Set Size: 32508K (peak: 32508K) (anon: 8116K, file: 24392K, shmem: 0K)
Swapped out: 0K
C-Heap outstanding allocations: 2574K

/proc/sys/kernel/threads-max (system-wide limit on the number of threads):
62279
/proc/sys/vm/max_map_count (maximum number of memory map areas a process may have):
65530
/proc/sys/kernel/pid_max (system-wide limit on number of process identifiers):
32768

container (cgroup) information:
container_type: cgroupv1
cpu_cpuset_cpus: 0-3
cpu_memory_nodes: 0
active_processor_count: 4
cpu_quota: -1
cpu_period: 100000
cpu_shares: -1
memory_limit_in_bytes: -1
memory_and_swap_limit_in_bytes: -2
memory_soft_limit_in_bytes: -1
memory_usage_in_bytes: 6162636800
memory_max_usage_in_bytes: 0

Steal ticks since vm start: 0
Steal ticks percentage since vm start:  0.000

CPU:total 4 (initial active 4) (2 cores per cpu, 2 threads per core) family 6 model 61 stepping 4 microcode 0x2f, cmov, cx8, fxsr, mmx, sse, sse2, sse3, ssse3, sse4.1, sse4.2, popcnt, avx, avx2, aes, clmul, erms, rtm, 3dnowpref, lzcnt, ht, tsc, tscinvbit, bmi1, bmi2, adx, fma
CPU Model and flags from /proc/cpuinfo:
model name	: Intel(R) Core(TM) i5-5300U CPU @ 2.30GHz
flags		: fpu vme de pse tsc msr pae mce cx8 apic sep mtrr pge mca cmov pat pse36 clflush dts acpi mmx fxsr sse sse2 ss ht tm pbe syscall nx pdpe1gb rdtscp lm constant_tsc arch_perfmon pebs bts rep_good nopl xtopology nonstop_tsc cpuid aperfmperf pni pclmulqdq dtes64 monitor ds_cpl vmx smx est tm2 ssse3 sdbg fma cx16 xtpr pdcm pcid sse4_1 sse4_2 x2apic movbe popcnt tsc_deadline_timer aes xsave avx f16c rdrand lahf_lm abm 3dnowprefetch cpuid_fault epb invpcid_single pti ssbd ibrs ibpb stibp tpr_shadow vnmi flexpriority ept vpid ept_ad fsgsbase tsc_adjust bmi1 hle avx2 smep bmi2 erms invpcid rtm rdseed adx smap intel_pt xsaveopt dtherm ida arat pln pts md_clear flush_l1d
Online cpus:
0-3
Offline cpus:

BIOS frequency limitation:
<Not Available>
Frequency switch latency (ns):
0
Available cpu frequencies:
<Not Available>
Current governor:
powersave
Core performance/turbo boost:
<Not Available>

Memory: 4k page, physical 8022064k(1659960k free), swap 2097148k(2097148k free)

vm_info: OpenJDK 64-Bit Server VM (11.0.11+9-Ubuntu-0ubuntu2.18.04) for linux-amd64 JRE (11.0.11+9-Ubuntu-0ubuntu2.18.04), built on Apr 21 2021 09:15:32 by "unknown" with gcc 8.4.0

END.
